Determining if the C compiler works failed with the following output:
Change Dir: D:/work/programming/lang/build/freetype/out/build/x64-Debug/CMakeFiles/CMakeTmp

Run Build Command(s):C:/Program Files (x86)/Microsoft Visual Studio/2019/Community/Common7/IDE/CommonExtensions/Microsoft/CMake/Ninja/ninja.exe cmTC_cc851 && [1/2] Building C object CMakeFiles\cmTC_cc851.dir\testCCompiler.c.obj
[2/2] Linking C executable cmTC_cc851.exe
FAILED: cmTC_cc851.exe 
cmd.exe /C "cd . && "C:\Program Files (x86)\Microsoft Visual Studio\2019\Community\Common7\IDE\CommonExtensions\Microsoft\CMake\CMake\bin\cmake.exe" -E vs_link_exe --intdir=CMakeFiles\cmTC_cc851.dir --rc=C:\PROGRA~2\WI3CF2~1\10\bin\100183~1.0\x64\rc.exe --mt=C:\PROGRA~2\WI3CF2~1\10\bin\100183~1.0\x64\mt.exe --manifests  -- C:\PROGRA~2\MICROS~3\2019\COMMUN~1\VC\Tools\MSVC\1425~1.286\bin\Hostx64\x64\link.exe /nologo CMakeFiles\cmTC_cc851.dir\testCCompiler.c.obj  /out:cmTC_cc851.exe /implib:cmTC_cc851.lib /pdb:cmTC_cc851.pdb /version:0.0  /machine:x64  /debug /INCREMENTAL /subsystem:console  kernel32.lib user32.lib gdi32.lib winspool.lib shell32.lib ole32.lib oleaut32.lib uuid.lib comdlg32.lib advapi32.lib && cd ."
The system cannot find the path specified.
ninja: build stopped: subcommand failed.



Determining if the C compiler works failed with the following output:
Change Dir: D:/work/programming/lang/build/freetype/out/build/x64-Debug/CMakeFiles/CMakeTmp

Run Build Command(s):C:/Program Files (x86)/Microsoft Visual Studio/2019/Community/Common7/IDE/CommonExtensions/Microsoft/CMake/Ninja/ninja.exe cmTC_4647e && [1/2] Building C object CMakeFiles\cmTC_4647e.dir\testCCompiler.c.obj
[2/2] Linking C executable cmTC_4647e.exe
FAILED: cmTC_4647e.exe 
cmd.exe /C "cd . && "C:\Program Files (x86)\Microsoft Visual Studio\2019\Community\Common7\IDE\CommonExtensions\Microsoft\CMake\CMake\bin\cmake.exe" -E vs_link_exe --intdir=CMakeFiles\cmTC_4647e.dir --rc=C:\PROGRA~2\WI3CF2~1\10\bin\100183~1.0\x64\rc.exe --mt=C:\PROGRA~2\WI3CF2~1\10\bin\100183~1.0\x64\mt.exe --manifests  -- C:\PROGRA~2\MICROS~3\2019\COMMUN~1\VC\Tools\MSVC\1425~1.286\bin\Hostx64\x64\link.exe /nologo CMakeFiles\cmTC_4647e.dir\testCCompiler.c.obj  /out:cmTC_4647e.exe /implib:cmTC_4647e.lib /pdb:cmTC_4647e.pdb /version:0.0  /machine:x64  /debug /INCREMENTAL /subsystem:console  kernel32.lib user32.lib gdi32.lib winspool.lib shell32.lib ole32.lib oleaut32.lib uuid.lib comdlg32.lib advapi32.lib && cd ."
The system cannot find the path specified.
ninja: build stopped: subcommand failed.



Determining if the C compiler works failed with the following output:
Change Dir: D:/work/programming/lang/build/freetype/out/build/x64-Debug/CMakeFiles/CMakeTmp

Run Build Command(s):C:/Program Files (x86)/Microsoft Visual Studio/2019/Community/Common7/IDE/CommonExtensions/Microsoft/CMake/Ninja/ninja.exe cmTC_c6cba && [1/2] Building C object CMakeFiles\cmTC_c6cba.dir\testCCompiler.c.obj
[2/2] Linking C executable cmTC_c6cba.exe
FAILED: cmTC_c6cba.exe 
cmd.exe /C "cd . && "C:\Program Files (x86)\Microsoft Visual Studio\2019\Community\Common7\IDE\CommonExtensions\Microsoft\CMake\CMake\bin\cmake.exe" -E vs_link_exe --intdir=CMakeFiles\cmTC_c6cba.dir --rc=C:\PROGRA~2\WI3CF2~1\10\bin\100183~1.0\x64\rc.exe --mt=C:\PROGRA~2\WI3CF2~1\10\bin\100183~1.0\x64\mt.exe --manifests  -- C:\PROGRA~2\MICROS~3\2019\COMMUN~1\VC\Tools\MSVC\1425~1.286\bin\Hostx64\x64\link.exe /nologo CMakeFiles\cmTC_c6cba.dir\testCCompiler.c.obj  /out:cmTC_c6cba.exe /implib:cmTC_c6cba.lib /pdb:cmTC_c6cba.pdb /version:0.0  /machine:x64  /debug /INCREMENTAL /subsystem:console  kernel32.lib user32.lib gdi32.lib winspool.lib shell32.lib ole32.lib oleaut32.lib uuid.lib comdlg32.lib advapi32.lib && cd ."
The system cannot find the path specified.
ninja: build stopped: subcommand failed.



